<?xml version="1.0" encoding="UTF-8"?>
<!-- Generated by org.testng.reporters.JUnitReportReporter -->
<testsuite skipped="0" hostname="NTINLTP2001429" name="qa.com.rest.test.GetCallBDD" tests="1" failures="0" timestamp="28 Aug 2018 07:11:50 GMT" time="5.352" errors="0">
  <testcase name="GetWeatherDetails" time="5.352" classname="qa.com.rest.test.GetCallBDD"/>
</testsuite> <!-- qa.com.rest.test.GetCallBDD -->
