<?xml version="1.0" encoding="UTF-8"?>
<!-- Generated by org.testng.reporters.JUnitReportReporter -->
<testsuite skipped="0" hostname="NTINLTP2001429" name="qa.com.rest.test.GetCallBDD" tests="1" failures="0" timestamp="28 Aug 2018 10:26:10 GMT" time="4.390" errors="0">
  <testcase name="GetWeatherDetails" time="4.390" classname="qa.com.rest.test.GetCallBDD"/>
</testsuite> <!-- qa.com.rest.test.GetCallBDD -->
